<?xml version="1.0" encoding="UTF-8"?>
<testng-results ignored="0" total="1" passed="1" failed="0" skipped="0">
  <reporter-output>
  </reporter-output>
  <suite started-at="2026-03-03T15:54:58 IST" name="Default suite" finished-at="2026-03-03T15:55:06 IST" duration-ms="8079">
    <groups>
    </groups>
    <test started-at="2026-03-03T15:54:58 IST" name="Default test" finished-at="2026-03-03T15:55:06 IST" duration-ms="8079">
      <class name="com.amazon.amazon_project.Amazon">
        <test-method signature="openTest()[pri:0, instance:com.amazon.amazon_project.Amazon@5158b42f]" started-at="2026-03-03T15:54:58 IST" name="openTest" finished-at="2026-03-03T15:55:06 IST" duration-ms="8024" status="PASS">
          <reporter-output>
          </reporter-output>
        </test-method> <!-- openTest -->
      </class> <!-- com.amazon.amazon_project.Amazon -->
    </test> <!-- Default test -->
  </suite> <!-- Default suite -->
</testng-results>
